<?xml version="1.0" encoding="UTF-8"?>
<!-- Generated by org.testng.reporters.JUnitReportReporter -->
<testsuite hostname="LTJKALAAIE-IDC" failures="0" tests="2" name="testNGBasic.BeforeAfterSuite" time="1.381" errors="0" timestamp="2023-09-15T00:12:01 IST" skipped="0">
  <testcase classname="testNGBasic.BeforeAfterSuite" name="openBinge" time="0.287"/>
  <system-out/>
  <testcase classname="testNGBasic.BeforeAfterSuite" name="openGoogle" time="1.094"/>
  <system-out/>
</testsuite> <!-- testNGBasic.BeforeAfterSuite -->
