<?xml version="1.0" encoding="UTF-8"?>
<!-- Generated by org.testng.reporters.JUnitReportReporter -->
<testsuite hostname="LTJKALAAIE-IDC" failures="0" tests="1" name="testNGBasic.Parameterization" time="0.005" errors="0" timestamp="2023-09-26T15:08:22 IST" skipped="0">
  <testcase classname="testNGBasic.Parameterization" name="printName" time="0.005"/>
  <system-out/>
</testsuite> <!-- testNGBasic.Parameterization -->
