<?xml version="1.0" encoding="UTF-8"?>
<!-- Generated by org.testng.reporters.JUnitReportReporter -->
<testsuite hostname="LTJKALAAIE-IDC" failures="0" tests="3" name="testNGBasic.DependsOnMethod" time="0.009" errors="0" timestamp="2023-09-13T19:17:18 IST" skipped="0">
  <testcase classname="testNGBasic.DependsOnMethod" name="highSchool" time="0.007"/>
  <system-out/>
  <testcase classname="testNGBasic.DependsOnMethod" name="highSecSchool" time="0.001"/>
  <system-out/>
  <testcase classname="testNGBasic.DependsOnMethod" name="engineering" time="0.001"/>
  <system-out/>
</testsuite> <!-- testNGBasic.DependsOnMethod -->
