<?xml version="1.0" encoding="UTF-8"?>
<!-- Generated by org.testng.reporters.JUnitReportReporter -->
<testsuite hostname="LTJKALAAIE-IDC" failures="0" tests="1" name="testNGBasic.WindowHandles" time="6.923" errors="0" timestamp="2023-09-14T19:30:54 IST" skipped="0">
  <testcase classname="testNGBasic.WindowHandles" name="winHandles" time="6.923"/>
  <system-out/>
</testsuite> <!-- testNGBasic.WindowHandles -->
