<?xml version="1.0" encoding="UTF-8"?>
<!-- Generated by org.testng.reporters.JUnitReportReporter -->
<testsuite hostname="LTJKALAAIE-IDC" failures="0" tests="1" name="assignmentPackage.CheckBoxesExercise" time="7.924" errors="0" timestamp="2023-05-11T16:38:19 IST" skipped="0">
  <testcase classname="assignmentPackage.CheckBoxesExercise" name="checkBoxes" time="7.924"/>
  <system-out/>
</testsuite> <!-- assignmentPackage.CheckBoxesExercise -->
