<?xml version="1.0" encoding="UTF-8"?>
<!-- Generated by org.testng.reporters.JUnitReportReporter -->
<testsuite hostname="LTJKALAAIE-IDC" failures="0" tests="1" name="assignmentPackage.AutoSuggestDropdowns" time="6.594" errors="0" timestamp="2023-05-11T16:38:19 IST" skipped="0">
  <testcase classname="assignmentPackage.AutoSuggestDropdowns" name="autoSuggestions" time="6.594"/>
  <system-out/>
</testsuite> <!-- assignmentPackage.AutoSuggestDropdowns -->
